<?xml version="1.0" encoding="UTF-8"?>
<Site BuildName="(empty)"
	BuildStamp="20251216-2324-Experimental"
	Name="(empty)"
	Generator="ctest-4.1.2"
	CompilerName=""
	CompilerVersion=""
	OSName="Windows"
	Hostname="DESKTOP-OQNGT89"
	OSRelease=" Personal"
	OSVersion=" (Build 26200)"
	OSPlatform="AMD64"
	Is64Bits="1"
	VendorString="GenuineIntel"
	VendorID="Intel Corporation"
	FamilyID="6"
	ModelID="10"
	ModelName=""
	ProcessorCacheSize="-1"
	NumberOfLogicalCPU="12"
	NumberOfPhysicalCPU="8"
	TotalVirtualMemory="28392"
	TotalPhysicalMemory="16104"
	LogicalProcessorsPerPhysical="1"
	ProcessorClockFrequency="2000"
	>
	<Testing>
		<StartDateTime>Dec 17 02:24 Russia TZ 2 Standard Time</StartDateTime>
		<StartTestTime>1765927466</StartTestTime>
		<TestList/>
		<EndDateTime>Dec 17 02:24 Russia TZ 2 Standard Time</EndDateTime>
		<EndTestTime>1765927466</EndTestTime>
		<ElapsedMinutes>0</ElapsedMinutes>
	</Testing>
</Site>
